<?xml version="1.0" encoding="UTF-8"?>
<!-- Generated by org.testng.reporters.JUnitReportReporter -->
<testsuite skipped="0" hostname="DESKTOP-P7JAC8H" name="Task1.Scenario1" tests="1" failures="0" timestamp="01 Feb 2024 20:20:24 GMT" time="1.164" errors="0">
  <testcase name="validateTableData" time="1.164" classname="Task1.Scenario1"/>
</testsuite> <!-- Task1.Scenario1 -->
