<?xml version="1.0" encoding="UTF-8"?>
<!-- Generated by org.testng.reporters.JUnitReportReporter -->
<testsuite skipped="0" hostname="DESKTOP-P7JAC8H" name="Task2.Scenario1" tests="1" failures="0" timestamp="01 Feb 2024 17:13:51 GMT" time="3.861" errors="0">
  <testcase name="validateElements" time="3.861" classname="Task2.Scenario1"/>
</testsuite> <!-- Task2.Scenario1 -->
